<?xml version="1.0" encoding="UTF-8"?>
<!-- Generated by org.testng.reporters.JUnitReportReporter -->
<testsuite hostname="DESKTOP-DM8UMLU" failures="0" tests="1" name="test.AirlineAPITest" time="1.988" errors="0" timestamp="2024-01-21T14:44:04 IST" skipped="0">
  <testcase classname="test.AirlineAPITest" name="testGetAirlineById" time="1.988"/>
  <system-out/>
</testsuite> <!-- test.AirlineAPITest -->
